[debug] [2023-01-10T10:17:42.456Z] ----------------------------------------------------------------------
[debug] [2023-01-10T10:17:42.458Z] Command:       C:\Software\NodeJS\node.exe C:\Users\AIONEM.NET\AppData\Roaming\npm\node_modules\firebase-tools\lib\bin\firebase.js init
[debug] [2023-01-10T10:17:42.459Z] CLI Version:   11.18.0
[debug] [2023-01-10T10:17:42.459Z] Platform:      win32
[debug] [2023-01-10T10:17:42.459Z] Node Version:  v18.12.1
[debug] [2023-01-10T10:17:42.462Z] Time:          Tue Jan 10 2023 12:17:42 GMT+0200 (Eastern European Standard Time)
[debug] [2023-01-10T10:17:42.462Z] ----------------------------------------------------------------------
[debug] 
[debug] [2023-01-10T10:17:42.466Z] >>> [apiv2][query] GET https://firebase-public.firebaseio.com/cli.json [none]
[debug] [2023-01-10T10:17:42.524Z] > command requires scopes: ["email","openid","https://www.googleapis.com/auth/cloudplatformprojects.readonly","https://www.googleapis.com/auth/firebase","https://www.googleapis.com/auth/cloud-platform"]
[debug] [2023-01-10T10:17:42.524Z] > authorizing via signed-in user (nellylaurene10@gmail.com)
[info] 
     ######## #### ########  ######## ########     ###     ######  ########
     ##        ##  ##     ## ##       ##     ##  ##   ##  ##       ##
     ######    ##  ########  ######   ########  #########  ######  ######
     ##        ##  ##    ##  ##       ##     ## ##     ##       ## ##
     ##       #### ##     ## ######## ########  ##     ##  ######  ########

You're about to initialize a Firebase project in this directory:

  B:\NPC Projects\Project-Criminal_Investigation_Using_Face_Recognition_Based_on_Deep_Learning_Algorithms\Admin-Web

[debug] [2023-01-10T10:17:43.382Z] <<< [apiv2][status] GET https://firebase-public.firebaseio.com/cli.json 200
[debug] [2023-01-10T10:17:43.382Z] <<< [apiv2][body] GET https://firebase-public.firebaseio.com/cli.json {"cloudBuildErrorAfter":1594252800000,"cloudBuildWarnAfter":1590019200000,"defaultNode10After":1594252800000,"minVersion":"3.0.5","node8DeploysDisabledAfter":1613390400000,"node8RuntimeDisabledAfter":1615809600000,"node8WarnAfter":1600128000000}
